This file contains any messages produced by compilers while
running configure, to aid debugging if configure makes a mistake.

It was created by cava configure 0.7.3, which was
generated by GNU Autoconf 2.71.  Invocation command line was

  $ ./configure

## --------- ##
## Platform. ##
## --------- ##

hostname = arch
uname -m = x86_64
uname -r = 5.11.11-arch1-1
uname -s = Linux
uname -v = #1 SMP PREEMPT Tue, 30 Mar 2021 14:10:17 +0000

/usr/bin/uname -p = unknown
/bin/uname -X     = unknown

/bin/arch              = unknown
/usr/bin/arch -k       = unknown
/usr/convex/getsysinfo = unknown
/usr/bin/hostinfo      = unknown
/bin/machine           = unknown
/usr/bin/oslevel       = unknown
/bin/universe          = unknown

PATH: /usr/local/sbin/
PATH: /usr/local/bin/
PATH: /usr/bin/
PATH: /usr/bin/site_perl/
PATH: /usr/bin/vendor_perl/
PATH: /usr/bin/core_perl/
PATH: /var/lib/snapd/snap/bin/


## ----------- ##
## Core tests. ##
## ----------- ##

configure:2405: looking for aux files: config.guess config.sub ltmain.sh compile ar-lib missing install-sh
configure:2418:  trying ./
configure:2447:   ./config.guess found
configure:2447:   ./config.sub found
configure:2447:   ./ltmain.sh found
configure:2447:   ./compile found
configure:2447:   ./ar-lib found
configure:2447:   ./missing found
configure:2429:   ./install-sh found
configure:2576: checking for a BSD-compatible install
configure:2649: result: /usr/bin/install -c
configure:2660: checking whether build environment is sane
configure:2715: result: yes
configure:2874: checking for a race-free mkdir -p
configure:2918: result: /usr/bin/mkdir -p
configure:2925: checking for gawk
configure:2946: found /usr/bin/gawk
configure:2957: result: gawk
configure:2968: checking whether make sets $(MAKE)
configure:2991: result: yes
configure:3021: checking whether make supports nested variables
configure:3039: result: yes
configure:3174: checking whether make supports the include directive
configure:3189: make -f confmf.GNU && cat confinc.out
this is the am__doit target
configure:3192: $? = 0
configure:3211: result: yes (GNU style)
configure:3287: checking for gcc
configure:3308: found /usr/bin/gcc
configure:3319: result: gcc
configure:3672: checking for C compiler version
configure:3681: gcc --version >&5
gcc (GCC) 10.2.0
Copyright (C) 2020 Free Software Foundation, Inc.
This is free software; see the source for copying conditions.  There is NO
warranty; not even for MERCHANTABILITY or FITNESS FOR A PARTICULAR PURPOSE.

configure:3692: $? = 0
configure:3681: gcc -v >&5
Using built-in specs.
COLLECT_GCC=gcc
COLLECT_LTO_WRAPPER=/usr/lib/gcc/x86_64-pc-linux-gnu/10.2.0/lto-wrapper
Target: x86_64-pc-linux-gnu
Configured with: /build/gcc/src/gcc/configure --prefix=/usr --libdir=/usr/lib --libexecdir=/usr/lib --mandir=/usr/share/man --infodir=/usr/share/info --with-bugurl=https://bugs.archlinux.org/ --enable-languages=c,c++,ada,fortran,go,lto,objc,obj-c++,d --with-isl --with-linker-hash-style=gnu --with-system-zlib --enable-__cxa_atexit --enable-cet=auto --enable-checking=release --enable-clocale=gnu --enable-default-pie --enable-default-ssp --enable-gnu-indirect-function --enable-gnu-unique-object --enable-install-libiberty --enable-linker-build-id --enable-lto --enable-multilib --enable-plugin --enable-shared --enable-threads=posix --disable-libssp --disable-libstdcxx-pch --disable-libunwind-exceptions --disable-werror gdc_include_dir=/usr/include/dlang/gdc
Thread model: posix
Supported LTO compression algorithms: zlib zstd
gcc version 10.2.0 (GCC) 
configure:3692: $? = 0
configure:3681: gcc -V >&5
gcc: error: unrecognized command-line option '-V'
gcc: fatal error: no input files
compilation terminated.
configure:3692: $? = 1
configure:3681: gcc -qversion >&5
gcc: error: unrecognized command-line option '-qversion'; did you mean '--version'?
gcc: fatal error: no input files
compilation terminated.
configure:3692: $? = 1
configure:3681: gcc -version >&5
gcc: error: unrecognized command-line option '-version'
gcc: fatal error: no input files
compilation terminated.
configure:3692: $? = 1
configure:3712: checking whether the C compiler works
configure:3734: gcc    conftest.c  >&5
configure:3738: $? = 0
configure:3788: result: yes
configure:3791: checking for C compiler default output file name
configure:3793: result: a.out
configure:3799: checking for suffix of executables
configure:3806: gcc -o conftest    conftest.c  >&5
configure:3810: $? = 0
configure:3833: result: 
configure:3855: checking whether we are cross compiling
configure:3863: gcc -o conftest    conftest.c  >&5
configure:3867: $? = 0
configure:3874: ./conftest
configure:3878: $? = 0
configure:3893: result: no
configure:3898: checking for suffix of object files
configure:3921: gcc -c   conftest.c >&5
configure:3925: $? = 0
configure:3947: result: o
configure:3951: checking whether the compiler supports GNU C
configure:3971: gcc -c   conftest.c >&5
configure:3971: $? = 0
configure:3981: result: yes
configure:3992: checking whether gcc accepts -g
configure:4013: gcc -c -g  conftest.c >&5
configure:4013: $? = 0
configure:4057: result: yes
configure:4077: checking for gcc option to enable C11 features
configure:4092: gcc  -c -g -O2  conftest.c >&5
configure:4092: $? = 0
configure:4110: result: none needed
configure:4226: checking whether gcc understands -c and -o together
configure:4249: gcc -c conftest.c -o conftest2.o
configure:4252: $? = 0
configure:4249: gcc -c conftest.c -o conftest2.o
configure:4252: $? = 0
configure:4264: result: yes
configure:4283: checking dependency style of gcc
configure:4395: result: gcc3
configure:4466: checking for ar
configure:4487: found /usr/bin/ar
configure:4498: result: ar
configure:4524: checking the archiver (ar) interface
configure:4541: gcc -c -g -O2  conftest.c >&5
configure:4541: $? = 0
configure:4544: ar cru libconftest.a conftest.o >&5
ar: `u' modifier ignored since `D' is the default (see `U')
configure:4547: $? = 0
configure:4575: result: ar
configure:4627: checking build system type
configure:4642: result: x86_64-pc-linux-gnu
configure:4662: checking host system type
configure:4676: result: x86_64-pc-linux-gnu
configure:4717: checking how to print strings
configure:4744: result: printf
configure:4765: checking for a sed that does not truncate output
configure:4835: result: /usr/bin/sed
configure:4853: checking for grep that handles long lines and -e
configure:4917: result: /usr/bin/grep
configure:4922: checking for egrep
configure:4990: result: /usr/bin/grep -E
configure:4995: checking for fgrep
configure:5063: result: /usr/bin/grep -F
configure:5099: checking for ld used by gcc
configure:5167: result: /usr/bin/ld
configure:5174: checking if the linker (/usr/bin/ld) is GNU ld
configure:5190: result: yes
configure:5202: checking for BSD- or MS-compatible name lister (nm)
configure:5257: result: /usr/bin/nm -B
configure:5397: checking the name lister (/usr/bin/nm -B) interface
configure:5405: gcc -c -g -O2  conftest.c >&5
configure:5408: /usr/bin/nm -B "conftest.o"
configure:5411: output
0000000000000000 B some_variable
configure:5418: result: BSD nm
configure:5421: checking whether ln -s works
configure:5425: result: yes
configure:5433: checking the maximum length of command line arguments
configure:5565: result: 1572864
configure:5613: checking how to convert x86_64-pc-linux-gnu file names to x86_64-pc-linux-gnu format
configure:5654: result: func_convert_file_noop
configure:5661: checking how to convert x86_64-pc-linux-gnu file names to toolchain format
configure:5682: result: func_convert_file_noop
configure:5689: checking for /usr/bin/ld option to reload object files
configure:5697: result: -r
configure:5776: checking for objdump
configure:5797: found /usr/bin/objdump
configure:5808: result: objdump
configure:5840: checking how to recognize dependent libraries
configure:6041: result: pass_all
configure:6131: checking for dlltool
configure:6166: result: no
configure:6196: checking how to associate runtime and link libraries
configure:6224: result: printf %s\n
configure:6374: checking for archiver @FILE support
configure:6392: gcc -c -g -O2  conftest.c >&5
configure:6392: $? = 0
configure:6396: ar cr libconftest.a @conftest.lst >&5
configure:6399: $? = 0
configure:6404: ar cr libconftest.a @conftest.lst >&5
ar: conftest.o: No such file or directory
configure:6407: $? = 1
configure:6419: result: @
configure:6482: checking for strip
configure:6503: found /usr/bin/strip
configure:6514: result: strip
configure:6591: checking for ranlib
configure:6612: found /usr/bin/ranlib
configure:6623: result: ranlib
configure:6725: checking command to parse /usr/bin/nm -B output from gcc object
configure:6879: gcc -c -g -O2  conftest.c >&5
configure:6882: $? = 0
configure:6886: /usr/bin/nm -B conftest.o \| sed -n -e 's/^.*[ ]\([ABCDGIRSTW][ABCDGIRSTW]*\)[ ][ ]*\([_A-Za-z][_A-Za-z0-9]*\)$/\1 \2 \2/p' | sed '/ __gnu_lto/d' \> conftest.nm
configure:6889: $? = 0
configure:6955: gcc -o conftest -g -O2   conftest.c conftstm.o >&5
configure:6958: $? = 0
configure:6996: result: ok
configure:7043: checking for sysroot
configure:7074: result: no
configure:7081: checking for a working dd
configure:7125: result: /usr/bin/dd
configure:7129: checking how to truncate binary pipes
configure:7145: result: /usr/bin/dd bs=4096 count=1
configure:7282: gcc -c -g -O2  conftest.c >&5
configure:7285: $? = 0
configure:7482: checking for mt
configure:7517: result: no
configure:7537: checking if : is a manifest tool
configure:7544: : '-?'
configure:7552: result: no
configure:8282: checking for stdio.h
configure:8282: gcc -c -g -O2  conftest.c >&5
configure:8282: $? = 0
configure:8282: result: yes
configure:8282: checking for stdlib.h
configure:8282: gcc -c -g -O2  conftest.c >&5
configure:8282: $? = 0
configure:8282: result: yes
configure:8282: checking for string.h
configure:8282: gcc -c -g -O2  conftest.c >&5
configure:8282: $? = 0
configure:8282: result: yes
configure:8282: checking for inttypes.h
configure:8282: gcc -c -g -O2  conftest.c >&5
configure:8282: $? = 0
configure:8282: result: yes
configure:8282: checking for stdint.h
configure:8282: gcc -c -g -O2  conftest.c >&5
configure:8282: $? = 0
configure:8282: result: yes
configure:8282: checking for strings.h
configure:8282: gcc -c -g -O2  conftest.c >&5
configure:8282: $? = 0
configure:8282: result: yes
configure:8282: checking for sys/stat.h
configure:8282: gcc -c -g -O2  conftest.c >&5
configure:8282: $? = 0
configure:8282: result: yes
configure:8282: checking for sys/types.h
configure:8282: gcc -c -g -O2  conftest.c >&5
configure:8282: $? = 0
configure:8282: result: yes
configure:8282: checking for unistd.h
configure:8282: gcc -c -g -O2  conftest.c >&5
configure:8282: $? = 0
configure:8282: result: yes
configure:8307: checking for dlfcn.h
configure:8307: gcc -c -g -O2  conftest.c >&5
configure:8307: $? = 0
configure:8307: result: yes
configure:8566: checking for objdir
configure:8582: result: .libs
configure:8842: checking if gcc supports -fno-rtti -fno-exceptions
configure:8861: gcc -c -g -O2  -fno-rtti -fno-exceptions conftest.c >&5
cc1: warning: command-line option '-fno-rtti' is valid for C++/D/ObjC++ but not for C
configure:8865: $? = 0
configure:8878: result: no
configure:9236: checking for gcc option to produce PIC
configure:9244: result: -fPIC -DPIC
configure:9252: checking if gcc PIC flag -fPIC -DPIC works
configure:9271: gcc -c -g -O2  -fPIC -DPIC -DPIC conftest.c >&5
configure:9275: $? = 0
configure:9288: result: yes
configure:9317: checking if gcc static flag -static works
configure:9346: result: yes
configure:9361: checking if gcc supports -c -o file.o
configure:9383: gcc -c -g -O2  -o out/conftest2.o conftest.c >&5
configure:9387: $? = 0
configure:9409: result: yes
configure:9417: checking if gcc supports -c -o file.o
configure:9465: result: yes
configure:9498: checking whether the gcc linker (/usr/bin/ld -m elf_x86_64) supports shared libraries
configure:10766: result: yes
configure:10803: checking whether -lc should be explicitly linked in
configure:10812: gcc -c -g -O2  conftest.c >&5
configure:10815: $? = 0
configure:10830: gcc -shared  -fPIC -DPIC conftest.o  -v -Wl,-soname -Wl,conftest -o conftest 2\>\&1 \| /usr/bin/grep  -lc  \>/dev/null 2\>\&1
configure:10833: $? = 0
configure:10847: result: no
configure:11007: checking dynamic linker characteristics
configure:11589: gcc -o conftest -g -O2   -Wl,-rpath -Wl,/foo conftest.c  >&5
configure:11589: $? = 0
configure:11828: result: GNU/Linux ld.so
configure:11950: checking how to hardcode library paths into programs
configure:11975: result: immediate
configure:12527: checking whether stripping libraries is possible
configure:12536: result: yes
configure:12578: checking if libtool supports shared libraries
configure:12580: result: yes
configure:12583: checking whether to build shared libraries
configure:12608: result: yes
configure:12611: checking whether to build static libraries
configure:12615: result: yes
configure:12705: checking for gcc
configure:12737: result: gcc
configure:13090: checking for C compiler version
configure:13099: gcc --version >&5
gcc (GCC) 10.2.0
Copyright (C) 2020 Free Software Foundation, Inc.
This is free software; see the source for copying conditions.  There is NO
warranty; not even for MERCHANTABILITY or FITNESS FOR A PARTICULAR PURPOSE.

configure:13110: $? = 0
configure:13099: gcc -v >&5
Using built-in specs.
COLLECT_GCC=gcc
COLLECT_LTO_WRAPPER=/usr/lib/gcc/x86_64-pc-linux-gnu/10.2.0/lto-wrapper
Target: x86_64-pc-linux-gnu
Configured with: /build/gcc/src/gcc/configure --prefix=/usr --libdir=/usr/lib --libexecdir=/usr/lib --mandir=/usr/share/man --infodir=/usr/share/info --with-bugurl=https://bugs.archlinux.org/ --enable-languages=c,c++,ada,fortran,go,lto,objc,obj-c++,d --with-isl --with-linker-hash-style=gnu --with-system-zlib --enable-__cxa_atexit --enable-cet=auto --enable-checking=release --enable-clocale=gnu --enable-default-pie --enable-default-ssp --enable-gnu-indirect-function --enable-gnu-unique-object --enable-install-libiberty --enable-linker-build-id --enable-lto --enable-multilib --enable-plugin --enable-shared --enable-threads=posix --disable-libssp --disable-libstdcxx-pch --disable-libunwind-exceptions --disable-werror gdc_include_dir=/usr/include/dlang/gdc
Thread model: posix
Supported LTO compression algorithms: zlib zstd
gcc version 10.2.0 (GCC) 
configure:13110: $? = 0
configure:13099: gcc -V >&5
gcc: error: unrecognized command-line option '-V'
gcc: fatal error: no input files
compilation terminated.
configure:13110: $? = 1
configure:13099: gcc -qversion >&5
gcc: error: unrecognized command-line option '-qversion'; did you mean '--version'?
gcc: fatal error: no input files
compilation terminated.
configure:13110: $? = 1
configure:13099: gcc -version >&5
gcc: error: unrecognized command-line option '-version'
gcc: fatal error: no input files
compilation terminated.
configure:13110: $? = 1
configure:13114: checking whether the compiler supports GNU C
configure:13144: result: yes
configure:13155: checking whether gcc accepts -g
configure:13220: result: yes
configure:13240: checking for gcc option to enable C11 features
configure:13273: result: none needed
configure:13389: checking whether gcc understands -c and -o together
configure:13427: result: yes
configure:13446: checking dependency style of gcc
configure:13558: result: gcc3
configure:13642: checking for pthread.h
configure:13642: gcc -c -g -O2  -DNDEBUG conftest.c >&5
configure:13642: $? = 0
configure:13642: result: yes
configure:13646: checking for pthread_create in -lpthread
configure:13669: gcc -o conftest -g -O2  -DNDEBUG  conftest.c -lpthread   >&5
configure:13669: $? = 0
configure:13679: result: yes
configure:13697: checking for alloca.h
configure:13697: gcc -c -g -O2  -DNDEBUG conftest.c >&5
configure:13697: $? = 0
configure:13697: result: yes
configure:13714: checking for snd_pcm_open in -lasound
configure:13737: gcc -o conftest -g -O2  -DNDEBUG -DHAVE_ALLOCA_H  conftest.c -lasound   -lpthread >&5
configure:13737: $? = 0
configure:13747: result: yes
configure:13789: checking for pa_simple_new in -lpulse-simple
configure:13812: gcc -o conftest -g -O2  -DNDEBUG -DHAVE_ALLOCA_H -DALSA  conftest.c -lpulse-simple   -lpthread -lasound >&5
configure:13812: $? = 0
configure:13822: result: yes
configure:13864: checking for Pa_Initialize in -lportaudio
configure:13887: gcc -o conftest -g -O2  -DNDEBUG -DHAVE_ALLOCA_H -DALSA -DPULSE  conftest.c -lportaudio   -lpthread -lasound -lpulse-simple -lpulse >&5
/usr/bin/ld: cannot find -lportaudio
collect2: error: ld returned 1 exit status
configure:13887: $? = 1
configure: failed program was:
| /* confdefs.h */
| #define PACKAGE_NAME "cava"
| #define PACKAGE_TARNAME "cava"
| #define PACKAGE_VERSION "0.7.3"
| #define PACKAGE_STRING "cava 0.7.3"
| #define PACKAGE_BUGREPORT "karl@stavestrand.no"
| #define PACKAGE_URL ""
| #define PACKAGE "cava"
| #define VERSION "0.7.3"
| #define HAVE_STDIO_H 1
| #define HAVE_STDLIB_H 1
| #define HAVE_STRING_H 1
| #define HAVE_INTTYPES_H 1
| #define HAVE_STDINT_H 1
| #define HAVE_STRINGS_H 1
| #define HAVE_SYS_STAT_H 1
| #define HAVE_SYS_TYPES_H 1
| #define HAVE_UNISTD_H 1
| #define STDC_HEADERS 1
| #define HAVE_DLFCN_H 1
| #define LT_OBJDIR ".libs/"
| #define HAVE_PTHREAD_H 1
| /* end confdefs.h.  */
| 
| /* Override any GCC internal prototype to avoid an error.
|    Use char because int might match the return type of a GCC
|    builtin and then its argument prototype would still apply.  */
| char Pa_Initialize ();
| int
| main (void)
| {
| return Pa_Initialize ();
|   ;
|   return 0;
| }
configure:13897: result: no
configure:13912: WARNING: No portaudio dev files found building without portaudio support
configure:13939: checking for sio_open in -lsndio
configure:13962: gcc -o conftest -g -O2  -DNDEBUG -DHAVE_ALLOCA_H -DALSA -DPULSE  conftest.c -lsndio   -lpthread -lasound -lpulse-simple -lpulse >&5
/usr/bin/ld: cannot find -lsndio
collect2: error: ld returned 1 exit status
configure:13962: $? = 1
configure: failed program was:
| /* confdefs.h */
| #define PACKAGE_NAME "cava"
| #define PACKAGE_TARNAME "cava"
| #define PACKAGE_VERSION "0.7.3"
| #define PACKAGE_STRING "cava 0.7.3"
| #define PACKAGE_BUGREPORT "karl@stavestrand.no"
| #define PACKAGE_URL ""
| #define PACKAGE "cava"
| #define VERSION "0.7.3"
| #define HAVE_STDIO_H 1
| #define HAVE_STDLIB_H 1
| #define HAVE_STRING_H 1
| #define HAVE_INTTYPES_H 1
| #define HAVE_STDINT_H 1
| #define HAVE_STRINGS_H 1
| #define HAVE_SYS_STAT_H 1
| #define HAVE_SYS_TYPES_H 1
| #define HAVE_UNISTD_H 1
| #define STDC_HEADERS 1
| #define HAVE_DLFCN_H 1
| #define LT_OBJDIR ".libs/"
| #define HAVE_PTHREAD_H 1
| /* end confdefs.h.  */
| 
| /* Override any GCC internal prototype to avoid an error.
|    Use char because int might match the return type of a GCC
|    builtin and then its argument prototype would still apply.  */
| char sio_open ();
| int
| main (void)
| {
| return sio_open ();
|   ;
|   return 0;
| }
configure:13972: result: no
configure:13987: WARNING: No sndio dev files found building without sndio support
configure:14004: checking for sqrt in -lm
configure:14027: gcc -o conftest -g -O2  -DNDEBUG -DHAVE_ALLOCA_H -DALSA -DPULSE  conftest.c -lm   -lpthread -lasound -lpulse-simple -lpulse >&5
conftest.c:28:6: warning: conflicting types for built-in function 'sqrt'; expected 'double(double)' [-Wbuiltin-declaration-mismatch]
   28 | char sqrt ();
      |      ^~~~
conftest.c:1:1: note: 'sqrt' is declared in header '<math.h>'
    1 | /* confdefs.h */
configure:14027: $? = 0
configure:14037: result: yes
configure:14055: checking for fftw_execute in -lfftw3
configure:14078: gcc -o conftest -g -O2  -DNDEBUG -DHAVE_ALLOCA_H -DALSA -DPULSE  conftest.c -lfftw3   -lpthread -lasound -lpulse-simple -lpulse -lm >&5
configure:14078: $? = 0
configure:14088: result: yes
configure:14121: checking for ncursesw6-config
configure:14144: found /usr/bin/ncursesw6-config
configure:14156: result: /usr/bin/ncursesw6-config
configure:14168: checking for initscr in -lncursesw
configure:14191: gcc -o conftest -g -O2  -DNDEBUG -DHAVE_ALLOCA_H -DALSA -DPULSE  conftest.c -lncursesw   -lpthread -lasound -lpulse-simple -lpulse -lm -lfftw3 >&5
configure:14191: $? = 0
configure:14201: result: yes
configure:14211: checking for initscr in -lncursesw
configure:14245: result: yes
configure:14260: checking for curses.h
configure:14260: gcc -c -g -O2  -DNDEBUG -DHAVE_ALLOCA_H -DALSA -DPULSE -D_DEFAULT_SOURCE -D_XOPEN_SOURCE=600 -DNCURSES conftest.c >&5
configure:14260: $? = 0
configure:14260: result: yes
configure:14304: checking for library containing iniparser_load
configure:14334: gcc -o conftest -g -O2  -DNDEBUG -DHAVE_ALLOCA_H -DALSA -DPULSE -D_DEFAULT_SOURCE -D_XOPEN_SOURCE=600 -DNCURSES  conftest.c  -lpthread -lasound -lpulse-simple -lpulse -lm -lfftw3 -Wl,-O1,--sort-common,--as-needed,-z,relro,-z,now -lncursesw >&5
/usr/bin/ld: /tmp/ccL6h08D.o: in function `main':
/home/noah/.config/cava/conftest.c:33: undefined reference to `iniparser_load'
collect2: error: ld returned 1 exit status
configure:14334: $? = 1
configure: failed program was:
| /* confdefs.h */
| #define PACKAGE_NAME "cava"
| #define PACKAGE_TARNAME "cava"
| #define PACKAGE_VERSION "0.7.3"
| #define PACKAGE_STRING "cava 0.7.3"
| #define PACKAGE_BUGREPORT "karl@stavestrand.no"
| #define PACKAGE_URL ""
| #define PACKAGE "cava"
| #define VERSION "0.7.3"
| #define HAVE_STDIO_H 1
| #define HAVE_STDLIB_H 1
| #define HAVE_STRING_H 1
| #define HAVE_INTTYPES_H 1
| #define HAVE_STDINT_H 1
| #define HAVE_STRINGS_H 1
| #define HAVE_SYS_STAT_H 1
| #define HAVE_SYS_TYPES_H 1
| #define HAVE_UNISTD_H 1
| #define STDC_HEADERS 1
| #define HAVE_DLFCN_H 1
| #define LT_OBJDIR ".libs/"
| #define HAVE_PTHREAD_H 1
| #define HAVE_CURSES_H 1
| /* end confdefs.h.  */
| 
| /* Override any GCC internal prototype to avoid an error.
|    Use char because int might match the return type of a GCC
|    builtin and then its argument prototype would still apply.  */
| char iniparser_load ();
| int
| main (void)
| {
| return iniparser_load ();
|   ;
|   return 0;
| }
configure:14334: gcc -o conftest -g -O2  -DNDEBUG -DHAVE_ALLOCA_H -DALSA -DPULSE -D_DEFAULT_SOURCE -D_XOPEN_SOURCE=600 -DNCURSES  conftest.c -liniparser   -lpthread -lasound -lpulse-simple -lpulse -lm -lfftw3 -Wl,-O1,--sort-common,--as-needed,-z,relro,-z,now -lncursesw >&5
configure:14334: $? = 0
configure:14354: result: -liniparser
configure:14363: checking for iniparser.h
configure:14363: gcc -c -g -O2  -DNDEBUG -DHAVE_ALLOCA_H -DALSA -DPULSE -D_DEFAULT_SOURCE -D_XOPEN_SOURCE=600 -DNCURSES conftest.c >&5
configure:14363: $? = 0
configure:14363: result: yes
configure:14392: Using installed iniparser
configure:14408: gcc -o conftest -g -O2  -DNDEBUG -DHAVE_ALLOCA_H -DALSA -DPULSE -D_DEFAULT_SOURCE -D_XOPEN_SOURCE=600 -DNCURSES  conftest.c -liniparser  -lpthread -lasound -lpulse-simple -lpulse -lm -lfftw3 -Wl,-O1,--sort-common,--as-needed,-z,relro,-z,now -lncursesw -liniparser >&5
configure:14408: $? = 0
configure:14410: result: iniparser > 3.2 test OK
configure:14441: Checking OS
configure:14446: Linux detected
configure:14618: checking that generated files are newer than configure
configure:14624: result: done
configure:14683: creating ./config.status

## ---------------------- ##
## Running config.status. ##
## ---------------------- ##

This file was extended by cava config.status 0.7.3, which was
generated by GNU Autoconf 2.71.  Invocation command line was

  CONFIG_FILES    = 
  CONFIG_HEADERS  = 
  CONFIG_LINKS    = 
  CONFIG_COMMANDS = 
  $ ./config.status 

on arch

config.status:1020: creating Makefile
config.status:1192: executing depfiles commands
config.status:1269: cd .       && sed -e '/# am--include-marker/d' Makefile         | make -f - am--depfiles
config.status:1274: $? = 0
config.status:1192: executing libtool commands

## ---------------- ##
## Cache variables. ##
## ---------------- ##

ac_cv_build=x86_64-pc-linux-gnu
ac_cv_c_compiler_gnu=yes
ac_cv_env_CC_set=
ac_cv_env_CC_value=
ac_cv_env_CFLAGS_set=
ac_cv_env_CFLAGS_value=
ac_cv_env_CPPFLAGS_set=
ac_cv_env_CPPFLAGS_value=
ac_cv_env_FONT_DIR_set=
ac_cv_env_FONT_DIR_value=
ac_cv_env_LDFLAGS_set=
ac_cv_env_LDFLAGS_value=
ac_cv_env_LIBS_set=
ac_cv_env_LIBS_value=
ac_cv_env_LT_SYS_LIBRARY_PATH_set=
ac_cv_env_LT_SYS_LIBRARY_PATH_value=
ac_cv_env_build_alias_set=
ac_cv_env_build_alias_value=
ac_cv_env_host_alias_set=
ac_cv_env_host_alias_value=
ac_cv_env_target_alias_set=
ac_cv_env_target_alias_value=
ac_cv_header_alloca_h=yes
ac_cv_header_curses_h=yes
ac_cv_header_dlfcn_h=yes
ac_cv_header_iniparser_h=yes
ac_cv_header_inttypes_h=yes
ac_cv_header_pthread_h=yes
ac_cv_header_stdint_h=yes
ac_cv_header_stdio_h=yes
ac_cv_header_stdlib_h=yes
ac_cv_header_string_h=yes
ac_cv_header_strings_h=yes
ac_cv_header_sys_stat_h=yes
ac_cv_header_sys_types_h=yes
ac_cv_header_unistd_h=yes
ac_cv_host=x86_64-pc-linux-gnu
ac_cv_lib_asound_snd_pcm_open=yes
ac_cv_lib_fftw3_fftw_execute=yes
ac_cv_lib_m_sqrt=yes
ac_cv_lib_ncursesw_initscr=yes
ac_cv_lib_portaudio_Pa_Initialize=no
ac_cv_lib_pthread_pthread_create=yes
ac_cv_lib_pulse_simple_pa_simple_new=yes
ac_cv_lib_sndio_sio_open=no
ac_cv_objext=o
ac_cv_path_CURSES_CONFIG=/usr/bin/ncursesw6-config
ac_cv_path_EGREP='/usr/bin/grep -E'
ac_cv_path_FGREP='/usr/bin/grep -F'
ac_cv_path_GREP=/usr/bin/grep
ac_cv_path_SED=/usr/bin/sed
ac_cv_path_install='/usr/bin/install -c'
ac_cv_path_lt_DD=/usr/bin/dd
ac_cv_path_mkdir=/usr/bin/mkdir
ac_cv_prog_AWK=gawk
ac_cv_prog_ac_ct_AR=ar
ac_cv_prog_ac_ct_CC=gcc
ac_cv_prog_ac_ct_OBJDUMP=objdump
ac_cv_prog_ac_ct_RANLIB=ranlib
ac_cv_prog_ac_ct_STRIP=strip
ac_cv_prog_cc_c11=
ac_cv_prog_cc_g=yes
ac_cv_prog_cc_stdc=
ac_cv_prog_make_make_set=yes
ac_cv_search_iniparser_load=-liniparser
am_cv_CC_dependencies_compiler_type=gcc3
am_cv_ar_interface=ar
am_cv_make_support_nested_variables=yes
am_cv_prog_cc_c_o=yes
lt_cv_ar_at_file=@
lt_cv_archive_cmds_need_lc=no
lt_cv_deplibs_check_method=pass_all
lt_cv_file_magic_cmd='$MAGIC_CMD'
lt_cv_file_magic_test_file=
lt_cv_ld_reload_flag=-r
lt_cv_nm_interface='BSD nm'
lt_cv_objdir=.libs
lt_cv_path_LD=/usr/bin/ld
lt_cv_path_NM='/usr/bin/nm -B'
lt_cv_path_mainfest_tool=no
lt_cv_prog_compiler_c_o=yes
lt_cv_prog_compiler_pic='-fPIC -DPIC'
lt_cv_prog_compiler_pic_works=yes
lt_cv_prog_compiler_rtti_exceptions=no
lt_cv_prog_compiler_static_works=yes
lt_cv_prog_gnu_ld=yes
lt_cv_sharedlib_from_linklib_cmd='printf %s\n'
lt_cv_shlibpath_overrides_runpath=no
lt_cv_sys_global_symbol_pipe='sed -n -e '\''s/^.*[	 ]\([ABCDGIRSTW][ABCDGIRSTW]*\)[	 ][	 ]*\([_A-Za-z][_A-Za-z0-9]*\)$/\1 \2 \2/p'\'' | sed '\''/ __gnu_lto/d'\'''
lt_cv_sys_global_symbol_to_c_name_address='sed -n -e '\''s/^: \(.*\) .*$/  {"\1", (void *) 0},/p'\'' -e '\''s/^[ABCDGIRSTW][ABCDGIRSTW]* .* \(.*\)$/  {"\1", (void *) \&\1},/p'\'''
lt_cv_sys_global_symbol_to_c_name_address_lib_prefix='sed -n -e '\''s/^: \(.*\) .*$/  {"\1", (void *) 0},/p'\'' -e '\''s/^[ABCDGIRSTW][ABCDGIRSTW]* .* \(lib.*\)$/  {"\1", (void *) \&\1},/p'\'' -e '\''s/^[ABCDGIRSTW][ABCDGIRSTW]* .* \(.*\)$/  {"lib\1", (void *) \&\1},/p'\'''
lt_cv_sys_global_symbol_to_cdecl='sed -n -e '\''s/^T .* \(.*\)$/extern int \1();/p'\'' -e '\''s/^[ABCDGIRSTW][ABCDGIRSTW]* .* \(.*\)$/extern char \1;/p'\'''
lt_cv_sys_global_symbol_to_import=
lt_cv_sys_max_cmd_len=1572864
lt_cv_to_host_file_cmd=func_convert_file_noop
lt_cv_to_tool_file_cmd=func_convert_file_noop
lt_cv_truncate_bin='/usr/bin/dd bs=4096 count=1'

## ----------------- ##
## Output variables. ##
## ----------------- ##

ACLOCAL='${SHELL} '\''/home/noah/.config/cava/missing'\'' aclocal-1.16'
ALSA_FALSE='#'
ALSA_TRUE=''
AMDEPBACKSLASH='\'
AMDEP_FALSE='#'
AMDEP_TRUE=''
AMTAR='$${TAR-tar}'
AM_BACKSLASH='\'
AM_DEFAULT_V='$(AM_DEFAULT_VERBOSITY)'
AM_DEFAULT_VERBOSITY='1'
AM_V='$(V)'
AR='ar'
AUTOCONF='${SHELL} '\''/home/noah/.config/cava/missing'\'' autoconf'
AUTOHEADER='${SHELL} '\''/home/noah/.config/cava/missing'\'' autoheader'
AUTOMAKE='${SHELL} '\''/home/noah/.config/cava/missing'\'' automake-1.16'
AWK='gawk'
CC='gcc'
CCDEPMODE='depmode=gcc3'
CFLAGS='-g -O2'
CPPFLAGS=' -DNDEBUG -DHAVE_ALLOCA_H -DALSA -DPULSE -D_DEFAULT_SOURCE -D_XOPEN_SOURCE=600 -DNCURSES'
CURSES_CONFIG='/usr/bin/ncursesw6-config'
CYGPATH_W='echo'
DEFS='-DPACKAGE_NAME=\"cava\" -DPACKAGE_TARNAME=\"cava\" -DPACKAGE_VERSION=\"0.7.3\" -DPACKAGE_STRING=\"cava\ 0.7.3\" -DPACKAGE_BUGREPORT=\"karl@stavestrand.no\" -DPACKAGE_URL=\"\" -DPACKAGE=\"cava\" -DVERSION=\"0.7.3\" -DHAVE_STDIO_H=1 -DHAVE_STDLIB_H=1 -DHAVE_STRING_H=1 -DHAVE_INTTYPES_H=1 -DHAVE_STDINT_H=1 -DHAVE_STRINGS_H=1 -DHAVE_SYS_STAT_H=1 -DHAVE_SYS_TYPES_H=1 -DHAVE_UNISTD_H=1 -DSTDC_HEADERS=1 -DHAVE_DLFCN_H=1 -DLT_OBJDIR=\".libs/\" -DHAVE_PTHREAD_H=1 -DHAVE_CURSES_H=1 -DHAVE_INIPARSER_H=1'
DEPDIR='.deps'
DLLTOOL='false'
DSYMUTIL=''
DUMPBIN=''
ECHO_C=''
ECHO_N='-n'
ECHO_T=''
EGREP='/usr/bin/grep -E'
EXEEXT=''
FGREP='/usr/bin/grep -F'
FONT_DIR='${prefix}/share/consolefonts'
GREP='/usr/bin/grep'
INSTALL_DATA='${INSTALL} -m 644'
INSTALL_PROGRAM='${INSTALL}'
INSTALL_SCRIPT='${INSTALL}'
INSTALL_STRIP_PROGRAM='$(install_sh) -c -s'
LD='/usr/bin/ld -m elf_x86_64'
LDFLAGS=''
LIBOBJS=''
LIBS='-liniparser  -lpthread -lasound -lpulse-simple -lpulse -lm -lfftw3 -Wl,-O1,--sort-common,--as-needed,-z,relro,-z,now -lncursesw -liniparser'
LIBTOOL='$(SHELL) $(top_builddir)/libtool'
LINUX_FALSE='#'
LINUX_TRUE=''
LIPO=''
LN_S='ln -s'
LTLIBOBJS=''
LT_SYS_LIBRARY_PATH=''
MAKEINFO='${SHELL} '\''/home/noah/.config/cava/missing'\'' makeinfo'
MANIFEST_TOOL=':'
MKDIR_P='/usr/bin/mkdir -p'
NCURSES_FALSE='#'
NCURSES_TRUE=''
NM='/usr/bin/nm -B'
NMEDIT=''
OBJDUMP='objdump'
OBJEXT='o'
OSX_FALSE=''
OSX_TRUE='#'
OTOOL64=''
OTOOL=''
PACKAGE='cava'
PACKAGE_BUGREPORT='karl@stavestrand.no'
PACKAGE_NAME='cava'
PACKAGE_STRING='cava 0.7.3'
PACKAGE_TARNAME='cava'
PACKAGE_URL=''
PACKAGE_VERSION='0.7.3'
PATH_SEPARATOR=':'
PORTAUDIO_FALSE=''
PORTAUDIO_TRUE='#'
PULSE_FALSE='#'
PULSE_TRUE=''
RANLIB='ranlib'
SED='/usr/bin/sed'
SET_MAKE=''
SHELL='/bin/sh'
SNDIO_FALSE=''
SNDIO_TRUE='#'
STRIP='strip'
SYSTEM_LIBINIPARSER='1'
SYSTEM_LIBINIPARSER_FALSE='#'
SYSTEM_LIBINIPARSER_TRUE=''
VERSION='0.7.3'
ac_ct_AR='ar'
ac_ct_CC='gcc'
ac_ct_DUMPBIN=''
am__EXEEXT_FALSE=''
am__EXEEXT_TRUE='#'
am__fastdepCC_FALSE='#'
am__fastdepCC_TRUE=''
am__include='include'
am__isrc=''
am__leading_dot='.'
am__nodep='_no'
am__quote=''
am__tar='$${TAR-tar} chof - "$$tardir"'
am__untar='$${TAR-tar} xf -'
bindir='${exec_prefix}/bin'
build='x86_64-pc-linux-gnu'
build_alias=''
build_cpu='x86_64'
build_os='linux-gnu'
build_vendor='pc'
datadir='${datarootdir}'
datarootdir='${prefix}/share'
docdir='${datarootdir}/doc/${PACKAGE_TARNAME}'
dvidir='${docdir}'
exec_prefix='${prefix}'
host='x86_64-pc-linux-gnu'
host_alias=''
host_cpu='x86_64'
host_os='linux-gnu'
host_vendor='pc'
htmldir='${docdir}'
includedir='${prefix}/include'
infodir='${datarootdir}/info'
install_sh='${SHELL} /home/noah/.config/cava/install-sh'
libdir='${exec_prefix}/lib'
libexecdir='${exec_prefix}/libexec'
localedir='${datarootdir}/locale'
localstatedir='${prefix}/var'
mandir='${datarootdir}/man'
mkdir_p='$(MKDIR_P)'
oldincludedir='/usr/include'
pdfdir='${docdir}'
prefix='/usr/local'
program_transform_name='s,x,x,'
psdir='${docdir}'
runstatedir='${localstatedir}/run'
sbindir='${exec_prefix}/sbin'
sharedstatedir='${prefix}/com'
sysconfdir='${prefix}/etc'
target_alias=''

## ----------- ##
## confdefs.h. ##
## ----------- ##

/* confdefs.h */
#define PACKAGE_NAME "cava"
#define PACKAGE_TARNAME "cava"
#define PACKAGE_VERSION "0.7.3"
#define PACKAGE_STRING "cava 0.7.3"
#define PACKAGE_BUGREPORT "karl@stavestrand.no"
#define PACKAGE_URL ""
#define PACKAGE "cava"
#define VERSION "0.7.3"
#define HAVE_STDIO_H 1
#define HAVE_STDLIB_H 1
#define HAVE_STRING_H 1
#define HAVE_INTTYPES_H 1
#define HAVE_STDINT_H 1
#define HAVE_STRINGS_H 1
#define HAVE_SYS_STAT_H 1
#define HAVE_SYS_TYPES_H 1
#define HAVE_UNISTD_H 1
#define STDC_HEADERS 1
#define HAVE_DLFCN_H 1
#define LT_OBJDIR ".libs/"
#define HAVE_PTHREAD_H 1
#define HAVE_CURSES_H 1
#define HAVE_INIPARSER_H 1

configure: exit 0
